2024-05-13 08:38:39.918  INFO 15900 --- [restartedMain] o.k.kiberonline.KiberOnlineApplication   : Starting KiberOnlineApplication using Java 17.0.2 on DESKTOP-CPN5MNN with PID 15900 (C:\AppServer\Project\kiberststems\kiber-online\target\classes started by Alex in C:\AppServer\Project\kiberststems\kiber-online)
2024-05-13 08:38:39.924  INFO 15900 --- [restartedMain] o.k.kiberonline.KiberOnlineApplication   : No active profile set, falling back to 1 default profile: "default"
2024-05-13 08:38:40.300  INFO 15900 --- [restartedMain] .e.DevToolsPropertyDefaultsPostProcessor : Devtools property defaults active! Set 'spring.devtools.add-properties' to 'false' to disable
2024-05-13 08:38:40.300  INFO 15900 --- [restartedMain] .e.DevToolsPropertyDefaultsPostProcessor : For additional web related logging consider setting the 'logging.level.web' property to 'DEBUG'
2024-05-13 08:38:41.473  INFO 15900 --- [restartedMain] o.s.b.w.embedded.tomcat.TomcatWebServer  : Tomcat initialized with port(s): 443 (https)
2024-05-13 08:38:41.486  INFO 15900 --- [restartedMain] o.apache.catalina.core.StandardService   : Starting service [Tomcat]
2024-05-13 08:38:41.487  INFO 15900 --- [restartedMain] org.apache.catalina.core.StandardEngine  : Starting Servlet engine: [Apache Tomcat/9.0.82]
2024-05-13 08:38:41.581  INFO 15900 --- [restartedMain] o.a.c.c.C.[Tomcat].[localhost].[/]       : Initializing Spring embedded WebApplicationContext
2024-05-13 08:38:41.581  INFO 15900 --- [restartedMain] w.s.c.ServletWebServerApplicationContext : Root WebApplicationContext: initialization completed in 1280 ms
2024-05-13 08:38:41.850  INFO 15900 --- [restartedMain] o.s.b.a.w.s.WelcomePageHandlerMapping    : Adding welcome page template: index
2024-05-13 08:38:42.259  INFO 15900 --- [restartedMain] o.s.b.d.a.OptionalLiveReloadServer       : LiveReload server is running on port 35729
2024-05-13 08:38:42.617  INFO 15900 --- [restartedMain] o.a.t.util.net.NioEndpoint.certificate   : Connector [https-jsse-nio-443], TLS virtual host [_default_], certificate type [UNDEFINED] configured from keystore [file:/C:/AppServer/Project/kiberststems/kiber-online/target/classes/key/kibsys.jks] using alias [kibersystems] with trust store [null]
2024-05-13 08:38:42.636  INFO 15900 --- [restartedMain] o.s.b.w.embedded.tomcat.TomcatWebServer  : Tomcat started on port(s): 443 (https) with context path ''
2024-05-13 08:38:42.650  INFO 15900 --- [restartedMain] o.k.kiberonline.KiberOnlineApplication   : Started KiberOnlineApplication in 3.305 seconds (JVM running for 4.327)
2024-05-13 08:40:09.419  INFO 15900 --- [https-jsse-nio-443-exec-9] o.a.c.c.C.[Tomcat].[localhost].[/]       : Initializing Spring DispatcherServlet 'dispatcherServlet'
2024-05-13 08:40:09.420  INFO 15900 --- [https-jsse-nio-443-exec-9] o.s.web.servlet.DispatcherServlet        : Initializing Servlet 'dispatcherServlet'
2024-05-13 08:40:09.421  INFO 15900 --- [https-jsse-nio-443-exec-9] o.s.web.servlet.DispatcherServlet        : Completed initialization in 1 ms
2024-05-13 08:57:24.311  INFO 19156 --- [restartedMain] o.k.kiberonline.KiberOnlineApplication   : Starting KiberOnlineApplication using Java 17.0.2 on DESKTOP-CPN5MNN with PID 19156 (C:\AppServer\Project\kiberststems\kiber-online\target\classes started by Alex in C:\AppServer\Project\kiberststems\kiber-online)
2024-05-13 08:57:24.313  INFO 19156 --- [restartedMain] o.k.kiberonline.KiberOnlineApplication   : No active profile set, falling back to 1 default profile: "default"
2024-05-13 08:57:24.599  INFO 19156 --- [restartedMain] .e.DevToolsPropertyDefaultsPostProcessor : Devtools property defaults active! Set 'spring.devtools.add-properties' to 'false' to disable
2024-05-13 08:57:24.600  INFO 19156 --- [restartedMain] .e.DevToolsPropertyDefaultsPostProcessor : For additional web related logging consider setting the 'logging.level.web' property to 'DEBUG'
2024-05-13 08:57:25.590  INFO 19156 --- [restartedMain] o.s.b.w.embedded.tomcat.TomcatWebServer  : Tomcat initialized with port(s): 443 (https)
2024-05-13 08:57:25.602  INFO 19156 --- [restartedMain] o.apache.catalina.core.StandardService   : Starting service [Tomcat]
2024-05-13 08:57:25.602  INFO 19156 --- [restartedMain] org.apache.catalina.core.StandardEngine  : Starting Servlet engine: [Apache Tomcat/9.0.82]
2024-05-13 08:57:25.686  INFO 19156 --- [restartedMain] o.a.c.c.C.[Tomcat].[localhost].[/]       : Initializing Spring embedded WebApplicationContext
2024-05-13 08:57:25.687  INFO 19156 --- [restartedMain] w.s.c.ServletWebServerApplicationContext : Root WebApplicationContext: initialization completed in 1087 ms
2024-05-13 08:57:25.915  INFO 19156 --- [restartedMain] o.s.b.a.w.s.WelcomePageHandlerMapping    : Adding welcome page template: index
2024-05-13 08:57:26.267  INFO 19156 --- [restartedMain] o.s.b.d.a.OptionalLiveReloadServer       : LiveReload server is running on port 35729
2024-05-13 08:57:26.508  INFO 19156 --- [restartedMain] o.a.t.util.net.NioEndpoint.certificate   : Connector [https-jsse-nio-443], TLS virtual host [_default_], certificate type [UNDEFINED] configured from keystore [file:/C:/AppServer/Project/kiberststems/kiber-online/target/classes/key/kibsys.jks] using alias [kibersystems] with trust store [null]
2024-05-13 08:57:26.527  INFO 19156 --- [restartedMain] o.s.b.w.embedded.tomcat.TomcatWebServer  : Tomcat started on port(s): 443 (https) with context path ''
2024-05-13 08:57:26.538  INFO 19156 --- [restartedMain] o.k.kiberonline.KiberOnlineApplication   : Started KiberOnlineApplication in 2.724 seconds (JVM running for 3.563)
2024-05-13 08:57:31.869  INFO 19156 --- [https-jsse-nio-443-exec-1] o.a.c.c.C.[Tomcat].[localhost].[/]       : Initializing Spring DispatcherServlet 'dispatcherServlet'
2024-05-13 08:57:31.869  INFO 19156 --- [https-jsse-nio-443-exec-1] o.s.web.servlet.DispatcherServlet        : Initializing Servlet 'dispatcherServlet'
2024-05-13 08:57:31.871  INFO 19156 --- [https-jsse-nio-443-exec-1] o.s.web.servlet.DispatcherServlet        : Completed initialization in 1 ms
2024-05-13 08:59:20.192  INFO 15468 --- [restartedMain] o.k.kiberonline.KiberOnlineApplication   : Starting KiberOnlineApplication using Java 17.0.2 on DESKTOP-CPN5MNN with PID 15468 (C:\AppServer\Project\kiberststems\kiber-online\target\classes started by Alex in C:\AppServer\Project\kiberststems\kiber-online)
2024-05-13 08:59:20.195  INFO 15468 --- [restartedMain] o.k.kiberonline.KiberOnlineApplication   : No active profile set, falling back to 1 default profile: "default"
2024-05-13 08:59:20.533  INFO 15468 --- [restartedMain] .e.DevToolsPropertyDefaultsPostProcessor : Devtools property defaults active! Set 'spring.devtools.add-properties' to 'false' to disable
2024-05-13 08:59:20.533  INFO 15468 --- [restartedMain] .e.DevToolsPropertyDefaultsPostProcessor : For additional web related logging consider setting the 'logging.level.web' property to 'DEBUG'
2024-05-13 08:59:21.611  INFO 15468 --- [restartedMain] o.s.b.w.embedded.tomcat.TomcatWebServer  : Tomcat initialized with port(s): 443 (https)
2024-05-13 08:59:21.621  INFO 15468 --- [restartedMain] o.apache.catalina.core.StandardService   : Starting service [Tomcat]
2024-05-13 08:59:21.622  INFO 15468 --- [restartedMain] org.apache.catalina.core.StandardEngine  : Starting Servlet engine: [Apache Tomcat/9.0.82]
2024-05-13 08:59:21.705  INFO 15468 --- [restartedMain] o.a.c.c.C.[Tomcat].[localhost].[/]       : Initializing Spring embedded WebApplicationContext
2024-05-13 08:59:21.705  INFO 15468 --- [restartedMain] w.s.c.ServletWebServerApplicationContext : Root WebApplicationContext: initialization completed in 1172 ms
2024-05-13 08:59:21.932  INFO 15468 --- [restartedMain] o.s.b.a.w.s.WelcomePageHandlerMapping    : Adding welcome page template: index
2024-05-13 08:59:22.306  INFO 15468 --- [restartedMain] o.s.b.d.a.OptionalLiveReloadServer       : LiveReload server is running on port 35729
2024-05-13 08:59:22.548  INFO 15468 --- [restartedMain] o.a.t.util.net.NioEndpoint.certificate   : Connector [https-jsse-nio-443], TLS virtual host [_default_], certificate type [UNDEFINED] configured from keystore [file:/C:/AppServer/Project/kiberststems/kiber-online/target/classes/key/kibsys.jks] using alias [kibersystems] with trust store [null]
2024-05-13 08:59:22.567  INFO 15468 --- [restartedMain] o.s.b.w.embedded.tomcat.TomcatWebServer  : Tomcat started on port(s): 443 (https) with context path ''
2024-05-13 08:59:22.579  INFO 15468 --- [restartedMain] o.k.kiberonline.KiberOnlineApplication   : Started KiberOnlineApplication in 2.952 seconds (JVM running for 3.822)
2024-05-13 08:59:25.302  INFO 15468 --- [https-jsse-nio-443-exec-10] o.a.c.c.C.[Tomcat].[localhost].[/]       : Initializing Spring DispatcherServlet 'dispatcherServlet'
2024-05-13 08:59:25.303  INFO 15468 --- [https-jsse-nio-443-exec-10] o.s.web.servlet.DispatcherServlet        : Initializing Servlet 'dispatcherServlet'
2024-05-13 08:59:25.304  INFO 15468 --- [https-jsse-nio-443-exec-10] o.s.web.servlet.DispatcherServlet        : Completed initialization in 1 ms
2024-05-13 09:02:29.768  INFO 19224 --- [restartedMain] o.k.kiberonline.KiberOnlineApplication   : Starting KiberOnlineApplication using Java 17.0.2 on DESKTOP-CPN5MNN with PID 19224 (C:\AppServer\Project\kiberststems\kiber-online\target\classes started by Alex in C:\AppServer\Project\kiberststems\kiber-online)
2024-05-13 09:02:29.769  INFO 19224 --- [restartedMain] o.k.kiberonline.KiberOnlineApplication   : No active profile set, falling back to 1 default profile: "default"
2024-05-13 09:02:30.070  INFO 19224 --- [restartedMain] .e.DevToolsPropertyDefaultsPostProcessor : Devtools property defaults active! Set 'spring.devtools.add-properties' to 'false' to disable
2024-05-13 09:02:30.070  INFO 19224 --- [restartedMain] .e.DevToolsPropertyDefaultsPostProcessor : For additional web related logging consider setting the 'logging.level.web' property to 'DEBUG'
2024-05-13 09:02:31.056  INFO 19224 --- [restartedMain] o.s.b.w.embedded.tomcat.TomcatWebServer  : Tomcat initialized with port(s): 443 (https)
2024-05-13 09:02:31.066  INFO 19224 --- [restartedMain] o.apache.catalina.core.StandardService   : Starting service [Tomcat]
2024-05-13 09:02:31.066  INFO 19224 --- [restartedMain] org.apache.catalina.core.StandardEngine  : Starting Servlet engine: [Apache Tomcat/9.0.82]
2024-05-13 09:02:31.137  INFO 19224 --- [restartedMain] o.a.c.c.C.[Tomcat].[localhost].[/]       : Initializing Spring embedded WebApplicationContext
2024-05-13 09:02:31.137  INFO 19224 --- [restartedMain] w.s.c.ServletWebServerApplicationContext : Root WebApplicationContext: initialization completed in 1066 ms
2024-05-13 09:02:31.366  INFO 19224 --- [restartedMain] o.s.b.a.w.s.WelcomePageHandlerMapping    : Adding welcome page template: index
2024-05-13 09:02:31.729  INFO 19224 --- [restartedMain] o.s.b.d.a.OptionalLiveReloadServer       : LiveReload server is running on port 35729
2024-05-13 09:02:31.976  INFO 19224 --- [restartedMain] o.a.t.util.net.NioEndpoint.certificate   : Connector [https-jsse-nio-443], TLS virtual host [_default_], certificate type [UNDEFINED] configured from keystore [file:/C:/AppServer/Project/kiberststems/kiber-online/target/classes/key/kibsys.jks] using alias [kibersystems] with trust store [null]
2024-05-13 09:02:31.996  INFO 19224 --- [restartedMain] o.s.b.w.embedded.tomcat.TomcatWebServer  : Tomcat started on port(s): 443 (https) with context path ''
2024-05-13 09:02:32.009  INFO 19224 --- [restartedMain] o.k.kiberonline.KiberOnlineApplication   : Started KiberOnlineApplication in 2.734 seconds (JVM running for 3.513)
2024-05-13 09:02:34.273  INFO 19224 --- [https-jsse-nio-443-exec-1] o.a.c.c.C.[Tomcat].[localhost].[/]       : Initializing Spring DispatcherServlet 'dispatcherServlet'
2024-05-13 09:02:34.274  INFO 19224 --- [https-jsse-nio-443-exec-1] o.s.web.servlet.DispatcherServlet        : Initializing Servlet 'dispatcherServlet'
2024-05-13 09:02:34.275  INFO 19224 --- [https-jsse-nio-443-exec-1] o.s.web.servlet.DispatcherServlet        : Completed initialization in 1 ms
2024-05-13 09:08:09.010  INFO 11296 --- [restartedMain] o.k.kiberonline.KiberOnlineApplication   : Starting KiberOnlineApplication using Java 17.0.2 on DESKTOP-CPN5MNN with PID 11296 (C:\AppServer\Project\kiberststems\kiber-online\target\classes started by Alex in C:\AppServer\Project\kiberststems\kiber-online)
2024-05-13 09:08:09.012  INFO 11296 --- [restartedMain] o.k.kiberonline.KiberOnlineApplication   : No active profile set, falling back to 1 default profile: "default"
2024-05-13 09:08:09.301  INFO 11296 --- [restartedMain] .e.DevToolsPropertyDefaultsPostProcessor : Devtools property defaults active! Set 'spring.devtools.add-properties' to 'false' to disable
2024-05-13 09:08:09.301  INFO 11296 --- [restartedMain] .e.DevToolsPropertyDefaultsPostProcessor : For additional web related logging consider setting the 'logging.level.web' property to 'DEBUG'
2024-05-13 09:08:10.361  INFO 11296 --- [restartedMain] o.s.b.w.embedded.tomcat.TomcatWebServer  : Tomcat initialized with port(s): 443 (https)
2024-05-13 09:08:10.372  INFO 11296 --- [restartedMain] o.apache.catalina.core.StandardService   : Starting service [Tomcat]
2024-05-13 09:08:10.373  INFO 11296 --- [restartedMain] org.apache.catalina.core.StandardEngine  : Starting Servlet engine: [Apache Tomcat/9.0.82]
2024-05-13 09:08:10.464  INFO 11296 --- [restartedMain] o.a.c.c.C.[Tomcat].[localhost].[/]       : Initializing Spring embedded WebApplicationContext
2024-05-13 09:08:10.464  INFO 11296 --- [restartedMain] w.s.c.ServletWebServerApplicationContext : Root WebApplicationContext: initialization completed in 1163 ms
2024-05-13 09:08:10.689  INFO 11296 --- [restartedMain] o.s.b.a.w.s.WelcomePageHandlerMapping    : Adding welcome page template: index
2024-05-13 09:08:11.054  INFO 11296 --- [restartedMain] o.s.b.d.a.OptionalLiveReloadServer       : LiveReload server is running on port 35729
2024-05-13 09:08:11.301  INFO 11296 --- [restartedMain] o.a.t.util.net.NioEndpoint.certificate   : Connector [https-jsse-nio-443], TLS virtual host [_default_], certificate type [UNDEFINED] configured from keystore [file:/C:/AppServer/Project/kiberststems/kiber-online/target/classes/key/kibsys.jks] using alias [kibersystems] with trust store [null]
2024-05-13 09:08:11.319  INFO 11296 --- [restartedMain] o.s.b.w.embedded.tomcat.TomcatWebServer  : Tomcat started on port(s): 443 (https) with context path ''
2024-05-13 09:08:11.330  INFO 11296 --- [restartedMain] o.k.kiberonline.KiberOnlineApplication   : Started KiberOnlineApplication in 2.812 seconds (JVM running for 3.595)
2024-05-13 09:08:14.206  INFO 11296 --- [https-jsse-nio-443-exec-1] o.a.c.c.C.[Tomcat].[localhost].[/]       : Initializing Spring DispatcherServlet 'dispatcherServlet'
2024-05-13 09:08:14.206  INFO 11296 --- [https-jsse-nio-443-exec-1] o.s.web.servlet.DispatcherServlet        : Initializing Servlet 'dispatcherServlet'
2024-05-13 09:08:14.208  INFO 11296 --- [https-jsse-nio-443-exec-1] o.s.web.servlet.DispatcherServlet        : Completed initialization in 1 ms
2024-05-13 09:09:40.914  INFO 16160 --- [restartedMain] o.k.kiberonline.KiberOnlineApplication   : Starting KiberOnlineApplication using Java 17.0.2 on DESKTOP-CPN5MNN with PID 16160 (C:\AppServer\Project\kiberststems\kiber-online\target\classes started by Alex in C:\AppServer\Project\kiberststems\kiber-online)
2024-05-13 09:09:40.915  INFO 16160 --- [restartedMain] o.k.kiberonline.KiberOnlineApplication   : No active profile set, falling back to 1 default profile: "default"
2024-05-13 09:09:41.211  INFO 16160 --- [restartedMain] .e.DevToolsPropertyDefaultsPostProcessor : Devtools property defaults active! Set 'spring.devtools.add-properties' to 'false' to disable
2024-05-13 09:09:41.211  INFO 16160 --- [restartedMain] .e.DevToolsPropertyDefaultsPostProcessor : For additional web related logging consider setting the 'logging.level.web' property to 'DEBUG'
2024-05-13 09:09:42.217  INFO 16160 --- [restartedMain] o.s.b.w.embedded.tomcat.TomcatWebServer  : Tomcat initialized with port(s): 443 (https)
2024-05-13 09:09:42.227  INFO 16160 --- [restartedMain] o.apache.catalina.core.StandardService   : Starting service [Tomcat]
2024-05-13 09:09:42.228  INFO 16160 --- [restartedMain] org.apache.catalina.core.StandardEngine  : Starting Servlet engine: [Apache Tomcat/9.0.82]
2024-05-13 09:09:42.306  INFO 16160 --- [restartedMain] o.a.c.c.C.[Tomcat].[localhost].[/]       : Initializing Spring embedded WebApplicationContext
2024-05-13 09:09:42.307  INFO 16160 --- [restartedMain] w.s.c.ServletWebServerApplicationContext : Root WebApplicationContext: initialization completed in 1096 ms
2024-05-13 09:09:42.537  INFO 16160 --- [restartedMain] o.s.b.a.w.s.WelcomePageHandlerMapping    : Adding welcome page template: index
2024-05-13 09:09:42.883  INFO 16160 --- [restartedMain] o.s.b.d.a.OptionalLiveReloadServer       : LiveReload server is running on port 35729
2024-05-13 09:09:43.133  INFO 16160 --- [restartedMain] o.a.t.util.net.NioEndpoint.certificate   : Connector [https-jsse-nio-443], TLS virtual host [_default_], certificate type [UNDEFINED] configured from keystore [file:/C:/AppServer/Project/kiberststems/kiber-online/target/classes/key/kibsys.jks] using alias [kibersystems] with trust store [null]
2024-05-13 09:09:43.151  INFO 16160 --- [restartedMain] o.s.b.w.embedded.tomcat.TomcatWebServer  : Tomcat started on port(s): 443 (https) with context path ''
2024-05-13 09:09:43.163  INFO 16160 --- [restartedMain] o.k.kiberonline.KiberOnlineApplication   : Started KiberOnlineApplication in 2.735 seconds (JVM running for 3.52)
2024-05-13 09:09:46.403  INFO 16160 --- [https-jsse-nio-443-exec-1] o.a.c.c.C.[Tomcat].[localhost].[/]       : Initializing Spring DispatcherServlet 'dispatcherServlet'
2024-05-13 09:09:46.404  INFO 16160 --- [https-jsse-nio-443-exec-1] o.s.web.servlet.DispatcherServlet        : Initializing Servlet 'dispatcherServlet'
2024-05-13 09:09:46.405  INFO 16160 --- [https-jsse-nio-443-exec-1] o.s.web.servlet.DispatcherServlet        : Completed initialization in 1 ms
2024-05-13 09:13:35.472  INFO 2176 --- [restartedMain] o.k.kiberonline.KiberOnlineApplication   : Starting KiberOnlineApplication using Java 17.0.2 on DESKTOP-CPN5MNN with PID 2176 (C:\AppServer\Project\kiberststems\kiber-online\target\classes started by Alex in C:\AppServer\Project\kiberststems\kiber-online)
2024-05-13 09:13:35.473  INFO 2176 --- [restartedMain] o.k.kiberonline.KiberOnlineApplication   : No active profile set, falling back to 1 default profile: "default"
2024-05-13 09:13:35.755  INFO 2176 --- [restartedMain] .e.DevToolsPropertyDefaultsPostProcessor : Devtools property defaults active! Set 'spring.devtools.add-properties' to 'false' to disable
2024-05-13 09:13:35.755  INFO 2176 --- [restartedMain] .e.DevToolsPropertyDefaultsPostProcessor : For additional web related logging consider setting the 'logging.level.web' property to 'DEBUG'
2024-05-13 09:13:36.811  INFO 2176 --- [restartedMain] o.s.b.w.embedded.tomcat.TomcatWebServer  : Tomcat initialized with port(s): 443 (https)
2024-05-13 09:13:36.821  INFO 2176 --- [restartedMain] o.apache.catalina.core.StandardService   : Starting service [Tomcat]
2024-05-13 09:13:36.822  INFO 2176 --- [restartedMain] org.apache.catalina.core.StandardEngine  : Starting Servlet engine: [Apache Tomcat/9.0.82]
2024-05-13 09:13:36.910  INFO 2176 --- [restartedMain] o.a.c.c.C.[Tomcat].[localhost].[/]       : Initializing Spring embedded WebApplicationContext
2024-05-13 09:13:36.911  INFO 2176 --- [restartedMain] w.s.c.ServletWebServerApplicationContext : Root WebApplicationContext: initialization completed in 1156 ms
2024-05-13 09:13:37.125  INFO 2176 --- [restartedMain] o.s.b.a.w.s.WelcomePageHandlerMapping    : Adding welcome page template: index
2024-05-13 09:13:37.467  INFO 2176 --- [restartedMain] o.s.b.d.a.OptionalLiveReloadServer       : LiveReload server is running on port 35729
2024-05-13 09:13:37.706  INFO 2176 --- [restartedMain] o.a.t.util.net.NioEndpoint.certificate   : Connector [https-jsse-nio-443], TLS virtual host [_default_], certificate type [UNDEFINED] configured from keystore [file:/C:/AppServer/Project/kiberststems/kiber-online/target/classes/key/kibsys.jks] using alias [kibersystems] with trust store [null]
2024-05-13 09:13:37.723  INFO 2176 --- [restartedMain] o.s.b.w.embedded.tomcat.TomcatWebServer  : Tomcat started on port(s): 443 (https) with context path ''
2024-05-13 09:13:37.735  INFO 2176 --- [restartedMain] o.k.kiberonline.KiberOnlineApplication   : Started KiberOnlineApplication in 2.776 seconds (JVM running for 3.635)
2024-05-13 09:13:48.089  INFO 2176 --- [https-jsse-nio-443-exec-1] o.a.c.c.C.[Tomcat].[localhost].[/]       : Initializing Spring DispatcherServlet 'dispatcherServlet'
2024-05-13 09:13:48.090  INFO 2176 --- [https-jsse-nio-443-exec-1] o.s.web.servlet.DispatcherServlet        : Initializing Servlet 'dispatcherServlet'
2024-05-13 09:13:48.090  INFO 2176 --- [https-jsse-nio-443-exec-1] o.s.web.servlet.DispatcherServlet        : Completed initialization in 0 ms
2024-05-13 09:20:09.546  INFO 16044 --- [restartedMain] o.k.kiberonline.KiberOnlineApplication   : Starting KiberOnlineApplication using Java 17.0.2 on DESKTOP-CPN5MNN with PID 16044 (C:\AppServer\Project\kiberststems\kiber-online\target\classes started by Alex in C:\AppServer\Project\kiberststems\kiber-online)
2024-05-13 09:20:09.548  INFO 16044 --- [restartedMain] o.k.kiberonline.KiberOnlineApplication   : No active profile set, falling back to 1 default profile: "default"
2024-05-13 09:20:09.883  INFO 16044 --- [restartedMain] .e.DevToolsPropertyDefaultsPostProcessor : Devtools property defaults active! Set 'spring.devtools.add-properties' to 'false' to disable
2024-05-13 09:20:09.883  INFO 16044 --- [restartedMain] .e.DevToolsPropertyDefaultsPostProcessor : For additional web related logging consider setting the 'logging.level.web' property to 'DEBUG'
2024-05-13 09:20:10.895  INFO 16044 --- [restartedMain] o.s.b.w.embedded.tomcat.TomcatWebServer  : Tomcat initialized with port(s): 443 (https)
2024-05-13 09:20:10.906  INFO 16044 --- [restartedMain] o.apache.catalina.core.StandardService   : Starting service [Tomcat]
2024-05-13 09:20:10.906  INFO 16044 --- [restartedMain] org.apache.catalina.core.StandardEngine  : Starting Servlet engine: [Apache Tomcat/9.0.82]
2024-05-13 09:20:10.989  INFO 16044 --- [restartedMain] o.a.c.c.C.[Tomcat].[localhost].[/]       : Initializing Spring embedded WebApplicationContext
2024-05-13 09:20:10.990  INFO 16044 --- [restartedMain] w.s.c.ServletWebServerApplicationContext : Root WebApplicationContext: initialization completed in 1107 ms
2024-05-13 09:20:11.213  INFO 16044 --- [restartedMain] o.s.b.a.w.s.WelcomePageHandlerMapping    : Adding welcome page template: index
2024-05-13 09:20:11.569  INFO 16044 --- [restartedMain] o.s.b.d.a.OptionalLiveReloadServer       : LiveReload server is running on port 35729
2024-05-13 09:20:11.810  INFO 16044 --- [restartedMain] o.a.t.util.net.NioEndpoint.certificate   : Connector [https-jsse-nio-443], TLS virtual host [_default_], certificate type [UNDEFINED] configured from keystore [file:/C:/AppServer/Project/kiberststems/kiber-online/target/classes/key/kibsys.jks] using alias [kibersystems] with trust store [null]
2024-05-13 09:20:11.829  INFO 16044 --- [restartedMain] o.s.b.w.embedded.tomcat.TomcatWebServer  : Tomcat started on port(s): 443 (https) with context path ''
2024-05-13 09:20:11.841  INFO 16044 --- [restartedMain] o.k.kiberonline.KiberOnlineApplication   : Started KiberOnlineApplication in 2.865 seconds (JVM running for 3.805)
2024-05-13 09:20:14.595  INFO 16044 --- [https-jsse-nio-443-exec-1] o.a.c.c.C.[Tomcat].[localhost].[/]       : Initializing Spring DispatcherServlet 'dispatcherServlet'
2024-05-13 09:20:14.596  INFO 16044 --- [https-jsse-nio-443-exec-1] o.s.web.servlet.DispatcherServlet        : Initializing Servlet 'dispatcherServlet'
2024-05-13 09:20:14.598  INFO 16044 --- [https-jsse-nio-443-exec-1] o.s.web.servlet.DispatcherServlet        : Completed initialization in 1 ms
2024-05-13 09:20:34.573  INFO 23260 --- [restartedMain] o.k.kiberonline.KiberOnlineApplication   : Starting KiberOnlineApplication using Java 17.0.2 on DESKTOP-CPN5MNN with PID 23260 (C:\AppServer\Project\kiberststems\kiber-online\target\classes started by Alex in C:\AppServer\Project\kiberststems\kiber-online)
2024-05-13 09:20:34.575  INFO 23260 --- [restartedMain] o.k.kiberonline.KiberOnlineApplication   : No active profile set, falling back to 1 default profile: "default"
2024-05-13 09:20:34.915  INFO 23260 --- [restartedMain] .e.DevToolsPropertyDefaultsPostProcessor : Devtools property defaults active! Set 'spring.devtools.add-properties' to 'false' to disable
2024-05-13 09:20:34.916  INFO 23260 --- [restartedMain] .e.DevToolsPropertyDefaultsPostProcessor : For additional web related logging consider setting the 'logging.level.web' property to 'DEBUG'
2024-05-13 09:20:35.966  INFO 23260 --- [restartedMain] o.s.b.w.embedded.tomcat.TomcatWebServer  : Tomcat initialized with port(s): 443 (https)
2024-05-13 09:20:35.977  INFO 23260 --- [restartedMain] o.apache.catalina.core.StandardService   : Starting service [Tomcat]
2024-05-13 09:20:35.977  INFO 23260 --- [restartedMain] org.apache.catalina.core.StandardEngine  : Starting Servlet engine: [Apache Tomcat/9.0.82]
2024-05-13 09:20:36.069  INFO 23260 --- [restartedMain] o.a.c.c.C.[Tomcat].[localhost].[/]       : Initializing Spring embedded WebApplicationContext
2024-05-13 09:20:36.070  INFO 23260 --- [restartedMain] w.s.c.ServletWebServerApplicationContext : Root WebApplicationContext: initialization completed in 1153 ms
2024-05-13 09:20:36.304  INFO 23260 --- [restartedMain] o.s.b.a.w.s.WelcomePageHandlerMapping    : Adding welcome page template: index
2024-05-13 09:20:36.664  INFO 23260 --- [restartedMain] o.s.b.d.a.OptionalLiveReloadServer       : LiveReload server is running on port 35729
2024-05-13 09:20:36.907  INFO 23260 --- [restartedMain] o.a.t.util.net.NioEndpoint.certificate   : Connector [https-jsse-nio-443], TLS virtual host [_default_], certificate type [UNDEFINED] configured from keystore [file:/C:/AppServer/Project/kiberststems/kiber-online/target/classes/key/kibsys.jks] using alias [kibersystems] with trust store [null]
2024-05-13 09:20:36.925  INFO 23260 --- [restartedMain] o.s.b.w.embedded.tomcat.TomcatWebServer  : Tomcat started on port(s): 443 (https) with context path ''
2024-05-13 09:20:36.938  INFO 23260 --- [restartedMain] o.k.kiberonline.KiberOnlineApplication   : Started KiberOnlineApplication in 2.885 seconds (JVM running for 3.719)
2024-05-13 09:20:39.078  INFO 23260 --- [https-jsse-nio-443-exec-1] o.a.c.c.C.[Tomcat].[localhost].[/]       : Initializing Spring DispatcherServlet 'dispatcherServlet'
2024-05-13 09:20:39.079  INFO 23260 --- [https-jsse-nio-443-exec-1] o.s.web.servlet.DispatcherServlet        : Initializing Servlet 'dispatcherServlet'
2024-05-13 09:20:39.080  INFO 23260 --- [https-jsse-nio-443-exec-1] o.s.web.servlet.DispatcherServlet        : Completed initialization in 1 ms
2024-05-13 09:21:16.068  INFO 3004 --- [restartedMain] o.k.kiberonline.KiberOnlineApplication   : Starting KiberOnlineApplication using Java 17.0.2 on DESKTOP-CPN5MNN with PID 3004 (C:\AppServer\Project\kiberststems\kiber-online\target\classes started by Alex in C:\AppServer\Project\kiberststems\kiber-online)
2024-05-13 09:21:16.070  INFO 3004 --- [restartedMain] o.k.kiberonline.KiberOnlineApplication   : No active profile set, falling back to 1 default profile: "default"
2024-05-13 09:21:16.366  INFO 3004 --- [restartedMain] .e.DevToolsPropertyDefaultsPostProcessor : Devtools property defaults active! Set 'spring.devtools.add-properties' to 'false' to disable
2024-05-13 09:21:16.366  INFO 3004 --- [restartedMain] .e.DevToolsPropertyDefaultsPostProcessor : For additional web related logging consider setting the 'logging.level.web' property to 'DEBUG'
2024-05-13 09:21:17.400  INFO 3004 --- [restartedMain] o.s.b.w.embedded.tomcat.TomcatWebServer  : Tomcat initialized with port(s): 443 (https)
2024-05-13 09:21:17.411  INFO 3004 --- [restartedMain] o.apache.catalina.core.StandardService   : Starting service [Tomcat]
2024-05-13 09:21:17.412  INFO 3004 --- [restartedMain] org.apache.catalina.core.StandardEngine  : Starting Servlet engine: [Apache Tomcat/9.0.82]
2024-05-13 09:21:17.496  INFO 3004 --- [restartedMain] o.a.c.c.C.[Tomcat].[localhost].[/]       : Initializing Spring embedded WebApplicationContext
2024-05-13 09:21:17.496  INFO 3004 --- [restartedMain] w.s.c.ServletWebServerApplicationContext : Root WebApplicationContext: initialization completed in 1129 ms
2024-05-13 09:21:17.738  INFO 3004 --- [restartedMain] o.s.b.a.w.s.WelcomePageHandlerMapping    : Adding welcome page template: index
2024-05-13 09:21:18.109  INFO 3004 --- [restartedMain] o.s.b.d.a.OptionalLiveReloadServer       : LiveReload server is running on port 35729
2024-05-13 09:21:18.358  INFO 3004 --- [restartedMain] o.a.t.util.net.NioEndpoint.certificate   : Connector [https-jsse-nio-443], TLS virtual host [_default_], certificate type [UNDEFINED] configured from keystore [file:/C:/AppServer/Project/kiberststems/kiber-online/target/classes/key/kibsys.jks] using alias [kibersystems] with trust store [null]
2024-05-13 09:21:18.381  INFO 3004 --- [restartedMain] o.s.b.w.embedded.tomcat.TomcatWebServer  : Tomcat started on port(s): 443 (https) with context path ''
2024-05-13 09:21:18.403  INFO 3004 --- [restartedMain] o.k.kiberonline.KiberOnlineApplication   : Started KiberOnlineApplication in 2.842 seconds (JVM running for 3.75)
2024-05-13 09:21:18.576  INFO 3004 --- [https-jsse-nio-443-exec-2] o.a.c.c.C.[Tomcat].[localhost].[/]       : Initializing Spring DispatcherServlet 'dispatcherServlet'
2024-05-13 09:21:18.576  INFO 3004 --- [https-jsse-nio-443-exec-2] o.s.web.servlet.DispatcherServlet        : Initializing Servlet 'dispatcherServlet'
2024-05-13 09:21:18.578  INFO 3004 --- [https-jsse-nio-443-exec-2] o.s.web.servlet.DispatcherServlet        : Completed initialization in 1 ms
2024-05-13 09:23:47.511  INFO 18488 --- [restartedMain] o.k.kiberonline.KiberOnlineApplication   : Starting KiberOnlineApplication using Java 17.0.2 on DESKTOP-CPN5MNN with PID 18488 (C:\AppServer\Project\kiberststems\kiber-online\target\classes started by Alex in C:\AppServer\Project\kiberststems\kiber-online)
2024-05-13 09:23:47.512  INFO 18488 --- [restartedMain] o.k.kiberonline.KiberOnlineApplication   : No active profile set, falling back to 1 default profile: "default"
2024-05-13 09:23:47.817  INFO 18488 --- [restartedMain] .e.DevToolsPropertyDefaultsPostProcessor : Devtools property defaults active! Set 'spring.devtools.add-properties' to 'false' to disable
2024-05-13 09:23:47.817  INFO 18488 --- [restartedMain] .e.DevToolsPropertyDefaultsPostProcessor : For additional web related logging consider setting the 'logging.level.web' property to 'DEBUG'
2024-05-13 09:23:48.888  INFO 18488 --- [restartedMain] o.s.b.w.embedded.tomcat.TomcatWebServer  : Tomcat initialized with port(s): 443 (https)
2024-05-13 09:23:48.898  INFO 18488 --- [restartedMain] o.apache.catalina.core.StandardService   : Starting service [Tomcat]
2024-05-13 09:23:48.899  INFO 18488 --- [restartedMain] org.apache.catalina.core.StandardEngine  : Starting Servlet engine: [Apache Tomcat/9.0.82]
2024-05-13 09:23:48.983  INFO 18488 --- [restartedMain] o.a.c.c.C.[Tomcat].[localhost].[/]       : Initializing Spring embedded WebApplicationContext
2024-05-13 09:23:48.983  INFO 18488 --- [restartedMain] w.s.c.ServletWebServerApplicationContext : Root WebApplicationContext: initialization completed in 1165 ms
2024-05-13 09:23:49.210  INFO 18488 --- [restartedMain] o.s.b.a.w.s.WelcomePageHandlerMapping    : Adding welcome page template: index
2024-05-13 09:23:49.563  INFO 18488 --- [restartedMain] o.s.b.d.a.OptionalLiveReloadServer       : LiveReload server is running on port 35729
2024-05-13 09:23:49.806  INFO 18488 --- [restartedMain] o.a.t.util.net.NioEndpoint.certificate   : Connector [https-jsse-nio-443], TLS virtual host [_default_], certificate type [UNDEFINED] configured from keystore [file:/C:/AppServer/Project/kiberststems/kiber-online/target/classes/key/kibsys.jks] using alias [kibersystems] with trust store [null]
2024-05-13 09:23:49.825  INFO 18488 --- [restartedMain] o.s.b.w.embedded.tomcat.TomcatWebServer  : Tomcat started on port(s): 443 (https) with context path ''
2024-05-13 09:23:49.838  INFO 18488 --- [restartedMain] o.k.kiberonline.KiberOnlineApplication   : Started KiberOnlineApplication in 2.849 seconds (JVM running for 3.634)
2024-05-13 09:23:51.492  INFO 18488 --- [https-jsse-nio-443-exec-1] o.a.c.c.C.[Tomcat].[localhost].[/]       : Initializing Spring DispatcherServlet 'dispatcherServlet'
2024-05-13 09:23:51.492  INFO 18488 --- [https-jsse-nio-443-exec-1] o.s.web.servlet.DispatcherServlet        : Initializing Servlet 'dispatcherServlet'
2024-05-13 09:23:51.493  INFO 18488 --- [https-jsse-nio-443-exec-1] o.s.web.servlet.DispatcherServlet        : Completed initialization in 1 ms
2024-05-13 09:25:04.750  INFO 11280 --- [restartedMain] o.k.kiberonline.KiberOnlineApplication   : Starting KiberOnlineApplication using Java 17.0.2 on DESKTOP-CPN5MNN with PID 11280 (C:\AppServer\Project\kiberststems\kiber-online\target\classes started by Alex in C:\AppServer\Project\kiberststems\kiber-online)
2024-05-13 09:25:04.751  INFO 11280 --- [restartedMain] o.k.kiberonline.KiberOnlineApplication   : No active profile set, falling back to 1 default profile: "default"
2024-05-13 09:25:05.064  INFO 11280 --- [restartedMain] .e.DevToolsPropertyDefaultsPostProcessor : Devtools property defaults active! Set 'spring.devtools.add-properties' to 'false' to disable
2024-05-13 09:25:05.064  INFO 11280 --- [restartedMain] .e.DevToolsPropertyDefaultsPostProcessor : For additional web related logging consider setting the 'logging.level.web' property to 'DEBUG'
2024-05-13 09:25:06.076  INFO 11280 --- [restartedMain] o.s.b.w.embedded.tomcat.TomcatWebServer  : Tomcat initialized with port(s): 443 (https)
2024-05-13 09:25:06.086  INFO 11280 --- [restartedMain] o.apache.catalina.core.StandardService   : Starting service [Tomcat]
2024-05-13 09:25:06.086  INFO 11280 --- [restartedMain] org.apache.catalina.core.StandardEngine  : Starting Servlet engine: [Apache Tomcat/9.0.82]
2024-05-13 09:25:06.176  INFO 11280 --- [restartedMain] o.a.c.c.C.[Tomcat].[localhost].[/]       : Initializing Spring embedded WebApplicationContext
2024-05-13 09:25:06.177  INFO 11280 --- [restartedMain] w.s.c.ServletWebServerApplicationContext : Root WebApplicationContext: initialization completed in 1112 ms
2024-05-13 09:25:06.394  INFO 11280 --- [restartedMain] o.s.b.a.w.s.WelcomePageHandlerMapping    : Adding welcome page template: index
2024-05-13 09:25:06.769  INFO 11280 --- [restartedMain] o.s.b.d.a.OptionalLiveReloadServer       : LiveReload server is running on port 35729
2024-05-13 09:25:07.017  INFO 11280 --- [restartedMain] o.a.t.util.net.NioEndpoint.certificate   : Connector [https-jsse-nio-443], TLS virtual host [_default_], certificate type [UNDEFINED] configured from keystore [file:/C:/AppServer/Project/kiberststems/kiber-online/target/classes/key/kibsys.jks] using alias [kibersystems] with trust store [null]
2024-05-13 09:25:07.037  INFO 11280 --- [restartedMain] o.s.b.w.embedded.tomcat.TomcatWebServer  : Tomcat started on port(s): 443 (https) with context path ''
2024-05-13 09:25:07.049  INFO 11280 --- [restartedMain] o.k.kiberonline.KiberOnlineApplication   : Started KiberOnlineApplication in 2.823 seconds (JVM running for 3.668)
2024-05-13 09:25:07.696  INFO 11280 --- [https-jsse-nio-443-exec-1] o.a.c.c.C.[Tomcat].[localhost].[/]       : Initializing Spring DispatcherServlet 'dispatcherServlet'
2024-05-13 09:25:07.696  INFO 11280 --- [https-jsse-nio-443-exec-1] o.s.web.servlet.DispatcherServlet        : Initializing Servlet 'dispatcherServlet'
2024-05-13 09:25:07.697  INFO 11280 --- [https-jsse-nio-443-exec-1] o.s.web.servlet.DispatcherServlet        : Completed initialization in 1 ms
2024-05-13 09:33:05.373  INFO 12656 --- [restartedMain] o.k.kiberonline.KiberOnlineApplication   : Starting KiberOnlineApplication using Java 17.0.2 on DESKTOP-CPN5MNN with PID 12656 (C:\AppServer\Project\kiberststems\kiber-online\target\classes started by Alex in C:\AppServer\Project\kiberststems\kiber-online)
2024-05-13 09:33:05.375  INFO 12656 --- [restartedMain] o.k.kiberonline.KiberOnlineApplication   : No active profile set, falling back to 1 default profile: "default"
2024-05-13 09:33:05.670  INFO 12656 --- [restartedMain] .e.DevToolsPropertyDefaultsPostProcessor : Devtools property defaults active! Set 'spring.devtools.add-properties' to 'false' to disable
2024-05-13 09:33:05.670  INFO 12656 --- [restartedMain] .e.DevToolsPropertyDefaultsPostProcessor : For additional web related logging consider setting the 'logging.level.web' property to 'DEBUG'
2024-05-13 09:33:06.700  INFO 12656 --- [restartedMain] o.s.b.w.embedded.tomcat.TomcatWebServer  : Tomcat initialized with port(s): 443 (https)
2024-05-13 09:33:06.711  INFO 12656 --- [restartedMain] o.apache.catalina.core.StandardService   : Starting service [Tomcat]
2024-05-13 09:33:06.711  INFO 12656 --- [restartedMain] org.apache.catalina.core.StandardEngine  : Starting Servlet engine: [Apache Tomcat/9.0.82]
2024-05-13 09:33:06.799  INFO 12656 --- [restartedMain] o.a.c.c.C.[Tomcat].[localhost].[/]       : Initializing Spring embedded WebApplicationContext
2024-05-13 09:33:06.799  INFO 12656 --- [restartedMain] w.s.c.ServletWebServerApplicationContext : Root WebApplicationContext: initialization completed in 1128 ms
2024-05-13 09:33:07.024  INFO 12656 --- [restartedMain] o.s.b.a.w.s.WelcomePageHandlerMapping    : Adding welcome page template: index
2024-05-13 09:33:07.396  INFO 12656 --- [restartedMain] o.s.b.d.a.OptionalLiveReloadServer       : LiveReload server is running on port 35729
2024-05-13 09:33:07.638  INFO 12656 --- [restartedMain] o.a.t.util.net.NioEndpoint.certificate   : Connector [https-jsse-nio-443], TLS virtual host [_default_], certificate type [UNDEFINED] configured from keystore [file:/C:/AppServer/Project/kiberststems/kiber-online/target/classes/key/kibsys.jks] using alias [kibersystems] with trust store [null]
2024-05-13 09:33:07.659  INFO 12656 --- [restartedMain] o.s.b.w.embedded.tomcat.TomcatWebServer  : Tomcat started on port(s): 443 (https) with context path ''
2024-05-13 09:33:07.672  INFO 12656 --- [restartedMain] o.k.kiberonline.KiberOnlineApplication   : Started KiberOnlineApplication in 2.795 seconds (JVM running for 3.587)
2024-05-13 09:33:15.627  INFO 12656 --- [https-jsse-nio-443-exec-6] o.a.c.c.C.[Tomcat].[localhost].[/]       : Initializing Spring DispatcherServlet 'dispatcherServlet'
2024-05-13 09:33:15.627  INFO 12656 --- [https-jsse-nio-443-exec-6] o.s.web.servlet.DispatcherServlet        : Initializing Servlet 'dispatcherServlet'
2024-05-13 09:33:15.628  INFO 12656 --- [https-jsse-nio-443-exec-6] o.s.web.servlet.DispatcherServlet        : Completed initialization in 1 ms
2024-05-13 09:36:25.617  INFO 8128 --- [restartedMain] o.k.kiberonline.KiberOnlineApplication   : Starting KiberOnlineApplication using Java 17.0.2 on DESKTOP-CPN5MNN with PID 8128 (C:\AppServer\Project\kiberststems\kiber-online\target\classes started by Alex in C:\AppServer\Project\kiberststems\kiber-online)
2024-05-13 09:36:25.619  INFO 8128 --- [restartedMain] o.k.kiberonline.KiberOnlineApplication   : No active profile set, falling back to 1 default profile: "default"
2024-05-13 09:36:25.906  INFO 8128 --- [restartedMain] .e.DevToolsPropertyDefaultsPostProcessor : Devtools property defaults active! Set 'spring.devtools.add-properties' to 'false' to disable
2024-05-13 09:36:25.906  INFO 8128 --- [restartedMain] .e.DevToolsPropertyDefaultsPostProcessor : For additional web related logging consider setting the 'logging.level.web' property to 'DEBUG'
2024-05-13 09:36:26.923  INFO 8128 --- [restartedMain] o.s.b.w.embedded.tomcat.TomcatWebServer  : Tomcat initialized with port(s): 443 (https)
2024-05-13 09:36:26.933  INFO 8128 --- [restartedMain] o.apache.catalina.core.StandardService   : Starting service [Tomcat]
2024-05-13 09:36:26.934  INFO 8128 --- [restartedMain] org.apache.catalina.core.StandardEngine  : Starting Servlet engine: [Apache Tomcat/9.0.82]
2024-05-13 09:36:27.027  INFO 8128 --- [restartedMain] o.a.c.c.C.[Tomcat].[localhost].[/]       : Initializing Spring embedded WebApplicationContext
2024-05-13 09:36:27.027  INFO 8128 --- [restartedMain] w.s.c.ServletWebServerApplicationContext : Root WebApplicationContext: initialization completed in 1120 ms
2024-05-13 09:36:27.266  INFO 8128 --- [restartedMain] o.s.b.a.w.s.WelcomePageHandlerMapping    : Adding welcome page template: index
2024-05-13 09:36:27.676  INFO 8128 --- [restartedMain] o.s.b.d.a.OptionalLiveReloadServer       : LiveReload server is running on port 35729
2024-05-13 09:36:27.917  INFO 8128 --- [restartedMain] o.a.t.util.net.NioEndpoint.certificate   : Connector [https-jsse-nio-443], TLS virtual host [_default_], certificate type [UNDEFINED] configured from keystore [file:/C:/AppServer/Project/kiberststems/kiber-online/target/classes/key/kibsys.jks] using alias [kibersystems] with trust store [null]
2024-05-13 09:36:27.935  INFO 8128 --- [restartedMain] o.s.b.w.embedded.tomcat.TomcatWebServer  : Tomcat started on port(s): 443 (https) with context path ''
2024-05-13 09:36:27.946  INFO 8128 --- [restartedMain] o.k.kiberonline.KiberOnlineApplication   : Started KiberOnlineApplication in 2.824 seconds (JVM running for 3.612)
2024-05-13 09:36:34.965  INFO 8128 --- [https-jsse-nio-443-exec-5] o.a.c.c.C.[Tomcat].[localhost].[/]       : Initializing Spring DispatcherServlet 'dispatcherServlet'
2024-05-13 09:36:34.965  INFO 8128 --- [https-jsse-nio-443-exec-5] o.s.web.servlet.DispatcherServlet        : Initializing Servlet 'dispatcherServlet'
2024-05-13 09:36:34.967  INFO 8128 --- [https-jsse-nio-443-exec-5] o.s.web.servlet.DispatcherServlet        : Completed initialization in 1 ms
2024-05-13 09:38:07.021  INFO 18948 --- [restartedMain] o.k.kiberonline.KiberOnlineApplication   : Starting KiberOnlineApplication using Java 17.0.2 on DESKTOP-CPN5MNN with PID 18948 (C:\AppServer\Project\kiberststems\kiber-online\target\classes started by Alex in C:\AppServer\Project\kiberststems\kiber-online)
2024-05-13 09:38:07.023  INFO 18948 --- [restartedMain] o.k.kiberonline.KiberOnlineApplication   : No active profile set, falling back to 1 default profile: "default"
2024-05-13 09:38:07.331  INFO 18948 --- [restartedMain] .e.DevToolsPropertyDefaultsPostProcessor : Devtools property defaults active! Set 'spring.devtools.add-properties' to 'false' to disable
2024-05-13 09:38:07.331  INFO 18948 --- [restartedMain] .e.DevToolsPropertyDefaultsPostProcessor : For additional web related logging consider setting the 'logging.level.web' property to 'DEBUG'
2024-05-13 09:38:08.365  INFO 18948 --- [restartedMain] o.s.b.w.embedded.tomcat.TomcatWebServer  : Tomcat initialized with port(s): 443 (https)
2024-05-13 09:38:08.375  INFO 18948 --- [restartedMain] o.apache.catalina.core.StandardService   : Starting service [Tomcat]
2024-05-13 09:38:08.376  INFO 18948 --- [restartedMain] org.apache.catalina.core.StandardEngine  : Starting Servlet engine: [Apache Tomcat/9.0.82]
2024-05-13 09:38:08.464  INFO 18948 --- [restartedMain] o.a.c.c.C.[Tomcat].[localhost].[/]       : Initializing Spring embedded WebApplicationContext
2024-05-13 09:38:08.465  INFO 18948 --- [restartedMain] w.s.c.ServletWebServerApplicationContext : Root WebApplicationContext: initialization completed in 1133 ms
2024-05-13 09:38:08.715  INFO 18948 --- [restartedMain] o.s.b.a.w.s.WelcomePageHandlerMapping    : Adding welcome page template: index
2024-05-13 09:38:09.123  INFO 18948 --- [restartedMain] o.s.b.d.a.OptionalLiveReloadServer       : LiveReload server is running on port 35729
2024-05-13 09:38:09.386  INFO 18948 --- [restartedMain] o.a.t.util.net.NioEndpoint.certificate   : Connector [https-jsse-nio-443], TLS virtual host [_default_], certificate type [UNDEFINED] configured from keystore [file:/C:/AppServer/Project/kiberststems/kiber-online/target/classes/key/kibsys.jks] using alias [kibersystems] with trust store [null]
2024-05-13 09:38:09.404  INFO 18948 --- [restartedMain] o.s.b.w.embedded.tomcat.TomcatWebServer  : Tomcat started on port(s): 443 (https) with context path ''
2024-05-13 09:38:09.418  INFO 18948 --- [restartedMain] o.k.kiberonline.KiberOnlineApplication   : Started KiberOnlineApplication in 2.929 seconds (JVM running for 3.777)
2024-05-13 09:38:10.700  INFO 18948 --- [https-jsse-nio-443-exec-5] o.a.c.c.C.[Tomcat].[localhost].[/]       : Initializing Spring DispatcherServlet 'dispatcherServlet'
2024-05-13 09:38:10.701  INFO 18948 --- [https-jsse-nio-443-exec-5] o.s.web.servlet.DispatcherServlet        : Initializing Servlet 'dispatcherServlet'
2024-05-13 09:38:10.702  INFO 18948 --- [https-jsse-nio-443-exec-5] o.s.web.servlet.DispatcherServlet        : Completed initialization in 1 ms
2024-05-13 09:44:23.803  INFO 15564 --- [restartedMain] o.k.kiberonline.KiberOnlineApplication   : Starting KiberOnlineApplication using Java 17.0.2 on DESKTOP-CPN5MNN with PID 15564 (C:\AppServer\Project\kiberststems\kiber-online\target\classes started by Alex in C:\AppServer\Project\kiberststems\kiber-online)
2024-05-13 09:44:23.805  INFO 15564 --- [restartedMain] o.k.kiberonline.KiberOnlineApplication   : No active profile set, falling back to 1 default profile: "default"
2024-05-13 09:44:24.105  INFO 15564 --- [restartedMain] .e.DevToolsPropertyDefaultsPostProcessor : Devtools property defaults active! Set 'spring.devtools.add-properties' to 'false' to disable
2024-05-13 09:44:24.105  INFO 15564 --- [restartedMain] .e.DevToolsPropertyDefaultsPostProcessor : For additional web related logging consider setting the 'logging.level.web' property to 'DEBUG'
2024-05-13 09:44:25.204  INFO 15564 --- [restartedMain] o.s.b.w.embedded.tomcat.TomcatWebServer  : Tomcat initialized with port(s): 443 (https)
2024-05-13 09:44:25.215  INFO 15564 --- [restartedMain] o.apache.catalina.core.StandardService   : Starting service [Tomcat]
2024-05-13 09:44:25.216  INFO 15564 --- [restartedMain] org.apache.catalina.core.StandardEngine  : Starting Servlet engine: [Apache Tomcat/9.0.82]
2024-05-13 09:44:25.307  INFO 15564 --- [restartedMain] o.a.c.c.C.[Tomcat].[localhost].[/]       : Initializing Spring embedded WebApplicationContext
2024-05-13 09:44:25.307  INFO 15564 --- [restartedMain] w.s.c.ServletWebServerApplicationContext : Root WebApplicationContext: initialization completed in 1201 ms
2024-05-13 09:44:25.553  INFO 15564 --- [restartedMain] o.s.b.a.w.s.WelcomePageHandlerMapping    : Adding welcome page template: index
2024-05-13 09:44:25.932  INFO 15564 --- [restartedMain] o.s.b.d.a.OptionalLiveReloadServer       : LiveReload server is running on port 35729
2024-05-13 09:44:26.187  INFO 15564 --- [restartedMain] o.a.t.util.net.NioEndpoint.certificate   : Connector [https-jsse-nio-443], TLS virtual host [_default_], certificate type [UNDEFINED] configured from keystore [file:/C:/AppServer/Project/kiberststems/kiber-online/target/classes/key/kibsys.jks] using alias [kibersystems] with trust store [null]
2024-05-13 09:44:26.207  INFO 15564 --- [restartedMain] o.s.b.w.embedded.tomcat.TomcatWebServer  : Tomcat started on port(s): 443 (https) with context path ''
2024-05-13 09:44:26.220  INFO 15564 --- [restartedMain] o.k.kiberonline.KiberOnlineApplication   : Started KiberOnlineApplication in 2.937 seconds (JVM running for 3.76)
2024-05-13 09:44:28.733  INFO 15564 --- [https-jsse-nio-443-exec-5] o.a.c.c.C.[Tomcat].[localhost].[/]       : Initializing Spring DispatcherServlet 'dispatcherServlet'
2024-05-13 09:44:28.733  INFO 15564 --- [https-jsse-nio-443-exec-5] o.s.web.servlet.DispatcherServlet        : Initializing Servlet 'dispatcherServlet'
2024-05-13 09:44:28.735  INFO 15564 --- [https-jsse-nio-443-exec-5] o.s.web.servlet.DispatcherServlet        : Completed initialization in 1 ms
2024-05-13 09:46:30.898  INFO 11080 --- [restartedMain] o.k.kiberonline.KiberOnlineApplication   : Starting KiberOnlineApplication using Java 17.0.2 on DESKTOP-CPN5MNN with PID 11080 (C:\AppServer\Project\kiberststems\kiber-online\target\classes started by Alex in C:\AppServer\Project\kiberststems\kiber-online)
2024-05-13 09:46:30.900  INFO 11080 --- [restartedMain] o.k.kiberonline.KiberOnlineApplication   : No active profile set, falling back to 1 default profile: "default"
2024-05-13 09:46:31.185  INFO 11080 --- [restartedMain] .e.DevToolsPropertyDefaultsPostProcessor : Devtools property defaults active! Set 'spring.devtools.add-properties' to 'false' to disable
2024-05-13 09:46:31.186  INFO 11080 --- [restartedMain] .e.DevToolsPropertyDefaultsPostProcessor : For additional web related logging consider setting the 'logging.level.web' property to 'DEBUG'
2024-05-13 09:46:32.189  INFO 11080 --- [restartedMain] o.s.b.w.embedded.tomcat.TomcatWebServer  : Tomcat initialized with port(s): 443 (https)
2024-05-13 09:46:32.200  INFO 11080 --- [restartedMain] o.apache.catalina.core.StandardService   : Starting service [Tomcat]
2024-05-13 09:46:32.200  INFO 11080 --- [restartedMain] org.apache.catalina.core.StandardEngine  : Starting Servlet engine: [Apache Tomcat/9.0.82]
2024-05-13 09:46:32.282  INFO 11080 --- [restartedMain] o.a.c.c.C.[Tomcat].[localhost].[/]       : Initializing Spring embedded WebApplicationContext
2024-05-13 09:46:32.282  INFO 11080 --- [restartedMain] w.s.c.ServletWebServerApplicationContext : Root WebApplicationContext: initialization completed in 1096 ms
2024-05-13 09:46:32.510  INFO 11080 --- [restartedMain] o.s.b.a.w.s.WelcomePageHandlerMapping    : Adding welcome page template: index
2024-05-13 09:46:32.864  INFO 11080 --- [restartedMain] o.s.b.d.a.OptionalLiveReloadServer       : LiveReload server is running on port 35729
2024-05-13 09:46:33.108  INFO 11080 --- [restartedMain] o.a.t.util.net.NioEndpoint.certificate   : Connector [https-jsse-nio-443], TLS virtual host [_default_], certificate type [UNDEFINED] configured from keystore [file:/C:/AppServer/Project/kiberststems/kiber-online/target/classes/key/kibsys.jks] using alias [kibersystems] with trust store [null]
2024-05-13 09:46:33.126  INFO 11080 --- [restartedMain] o.s.b.w.embedded.tomcat.TomcatWebServer  : Tomcat started on port(s): 443 (https) with context path ''
2024-05-13 09:46:33.137  INFO 11080 --- [restartedMain] o.k.kiberonline.KiberOnlineApplication   : Started KiberOnlineApplication in 2.731 seconds (JVM running for 3.508)
2024-05-13 09:46:50.712  INFO 11080 --- [https-jsse-nio-443-exec-7] o.a.c.c.C.[Tomcat].[localhost].[/]       : Initializing Spring DispatcherServlet 'dispatcherServlet'
2024-05-13 09:46:50.713  INFO 11080 --- [https-jsse-nio-443-exec-7] o.s.web.servlet.DispatcherServlet        : Initializing Servlet 'dispatcherServlet'
2024-05-13 09:46:50.714  INFO 11080 --- [https-jsse-nio-443-exec-7] o.s.web.servlet.DispatcherServlet        : Completed initialization in 1 ms
